{"C:\\Users\\danie\\Documents\\futureproof\\throwaway\\babel\\trivia-frontend\\src\\pages\\AboutPage\\index.js": {"path":"C:\\Users\\danie\\Documents\\futureproof\\throwaway\\babel\\trivia-frontend\\src\\pages\\AboutPage\\index.js","statementMap":{"0":{"start":{"line":3,"column":18},"end":{"line":46,"column":1}},"1":{"start":{"line":5,"column":4},"end":{"line":45,"column":5}}},"fnMap":{"0":{"name":"(anonymous_0)","decl":{"start":{"line":3,"column":18},"end":{"line":3,"column":19}},"loc":{"start":{"line":3,"column":24},"end":{"line":46,"column":1}},"line":3}},"branchMap":{},"s":{"0":1,"1":6},"f":{"0":6},"b":{},"_coverageSchema":"1a1c01bbd47fc00a2c39e90264f33305004495a9","hash":"fef9580842a910ddebc27a95e78657397624431f"}
,"C:\\Users\\danie\\Documents\\futureproof\\throwaway\\babel\\trivia-frontend\\src\\pages\\HighScorePage\\index.js": {"path":"C:\\Users\\danie\\Documents\\futureproof\\throwaway\\babel\\trivia-frontend\\src\\pages\\HighScorePage\\index.js","statementMap":{"0":{"start":{"line":4,"column":22},"end":{"line":50,"column":1}},"1":{"start":{"line":6,"column":37},"end":{"line":6,"column":49}},"2":{"start":{"line":8,"column":4},"end":{"line":28,"column":10}},"3":{"start":{"line":11,"column":12},"end":{"line":23,"column":13}},"4":{"start":{"line":12,"column":31},"end":{"line":12,"column":101}},"5":{"start":{"line":13,"column":26},"end":{"line":13,"column":28}},"6":{"start":{"line":14,"column":16},"end":{"line":16,"column":17}},"7":{"start":{"line":14,"column":29},"end":{"line":14,"column":30}},"8":{"start":{"line":15,"column":20},"end":{"line":15,"column":38}},"9":{"start":{"line":17,"column":16},"end":{"line":17,"column":46}},"10":{"start":{"line":18,"column":16},"end":{"line":18,"column":92}},"11":{"start":{"line":18,"column":52},"end":{"line":18,"column":90}},"12":{"start":{"line":19,"column":16},"end":{"line":19,"column":47}},"13":{"start":{"line":20,"column":16},"end":{"line":20,"column":34}},"14":{"start":{"line":22,"column":16},"end":{"line":22,"column":35}},"15":{"start":{"line":26,"column":8},"end":{"line":26,"column":23}},"16":{"start":{"line":31,"column":8},"end":{"line":31,"column":186}},"17":{"start":{"line":31,"column":38},"end":{"line":31,"column":185}},"18":{"start":{"line":34,"column":4},"end":{"line":49,"column":5}}},"fnMap":{"0":{"name":"(anonymous_0)","decl":{"start":{"line":4,"column":22},"end":{"line":4,"column":23}},"loc":{"start":{"line":4,"column":28},"end":{"line":50,"column":1}},"line":4},"1":{"name":"(anonymous_1)","decl":{"start":{"line":8,"column":15},"end":{"line":8,"column":16}},"loc":{"start":{"line":8,"column":21},"end":{"line":28,"column":5}},"line":8},"2":{"name":"getQuestions","decl":{"start":{"line":9,"column":23},"end":{"line":9,"column":35}},"loc":{"start":{"line":9,"column":39},"end":{"line":25,"column":9}},"line":9},"3":{"name":"(anonymous_3)","decl":{"start":{"line":18,"column":25},"end":{"line":18,"column":26}},"loc":{"start":{"line":18,"column":52},"end":{"line":18,"column":90}},"line":18},"4":{"name":"renderScores","decl":{"start":{"line":30,"column":13},"end":{"line":30,"column":25}},"loc":{"start":{"line":30,"column":28},"end":{"line":32,"column":5}},"line":30},"5":{"name":"(anonymous_5)","decl":{"start":{"line":31,"column":29},"end":{"line":31,"column":30}},"loc":{"start":{"line":31,"column":38},"end":{"line":31,"column":185}},"line":31}},"branchMap":{},"s":{"0":1,"1":1,"2":1,"3":1,"4":1,"5":0,"6":0,"7":0,"8":0,"9":0,"10":0,"11":0,"12":0,"13":0,"14":1,"15":1,"16":1,"17":0,"18":1},"f":{"0":1,"1":1,"2":1,"3":0,"4":1,"5":0},"b":{},"_coverageSchema":"1a1c01bbd47fc00a2c39e90264f33305004495a9","hash":"199027d5bcb5af3bc109706fec221b5f95f46ae3"}
,"C:\\Users\\danie\\Documents\\futureproof\\throwaway\\babel\\trivia-frontend\\src\\pages\\IndexPage\\index.js": {"path":"C:\\Users\\danie\\Documents\\futureproof\\throwaway\\babel\\trivia-frontend\\src\\pages\\IndexPage\\index.js","statementMap":{"0":{"start":{"line":4,"column":18},"end":{"line":28,"column":1}},"1":{"start":{"line":6,"column":21},"end":{"line":6,"column":34}},"2":{"start":{"line":9,"column":8},"end":{"line":9,"column":28}},"3":{"start":{"line":12,"column":4},"end":{"line":27,"column":5}}},"fnMap":{"0":{"name":"(anonymous_0)","decl":{"start":{"line":4,"column":18},"end":{"line":4,"column":19}},"loc":{"start":{"line":4,"column":24},"end":{"line":28,"column":1}},"line":4},"1":{"name":"handleClick","decl":{"start":{"line":8,"column":13},"end":{"line":8,"column":24}},"loc":{"start":{"line":8,"column":27},"end":{"line":10,"column":5}},"line":8}},"branchMap":{},"s":{"0":1,"1":2,"2":1,"3":2},"f":{"0":2,"1":1},"b":{},"_coverageSchema":"1a1c01bbd47fc00a2c39e90264f33305004495a9","hash":"5bba69063d50ce0e2960e40372cb600f868afe7c"}
,"C:\\Users\\danie\\Documents\\futureproof\\throwaway\\babel\\trivia-frontend\\src\\pages\\NotFoundPage\\index.js": {"path":"C:\\Users\\danie\\Documents\\futureproof\\throwaway\\babel\\trivia-frontend\\src\\pages\\NotFoundPage\\index.js","statementMap":{"0":{"start":{"line":4,"column":21},"end":{"line":21,"column":1}},"1":{"start":{"line":6,"column":21},"end":{"line":6,"column":34}},"2":{"start":{"line":9,"column":8},"end":{"line":9,"column":21}},"3":{"start":{"line":12,"column":4},"end":{"line":20,"column":5}}},"fnMap":{"0":{"name":"(anonymous_0)","decl":{"start":{"line":4,"column":21},"end":{"line":4,"column":22}},"loc":{"start":{"line":4,"column":27},"end":{"line":21,"column":1}},"line":4},"1":{"name":"handleClick","decl":{"start":{"line":8,"column":13},"end":{"line":8,"column":24}},"loc":{"start":{"line":8,"column":27},"end":{"line":10,"column":5}},"line":8}},"branchMap":{},"s":{"0":1,"1":2,"2":1,"3":2},"f":{"0":2,"1":1},"b":{},"_coverageSchema":"1a1c01bbd47fc00a2c39e90264f33305004495a9","hash":"f27f8a7258a7768486759c4363bde518861d50a3"}
}
