TN:
SF:src\pages\AboutPage\index.js
FN:3,(anonymous_0)
FNF:1
FNH:1
FNDA:6,(anonymous_0)
DA:3,1
DA:5,6
LF:2
LH:2
BRF:0
BRH:0
end_of_record
TN:
SF:src\pages\HighScorePage\index.js
FN:4,(anonymous_0)
FN:8,(anonymous_1)
FN:9,getQuestions
FN:18,(anonymous_3)
FN:30,renderScores
FN:31,(anonymous_5)
FNF:6
FNH:4
FNDA:1,(anonymous_0)
FNDA:1,(anonymous_1)
FNDA:1,getQuestions
FNDA:0,(anonymous_3)
FNDA:1,renderScores
FNDA:0,(anonymous_5)
DA:4,1
DA:6,1
DA:8,1
DA:11,1
DA:12,1
DA:13,0
DA:14,0
DA:15,0
DA:17,0
DA:18,0
DA:19,0
DA:20,0
DA:22,1
DA:26,1
DA:31,1
DA:34,1
LF:16
LH:9
BRF:0
BRH:0
end_of_record
TN:
SF:src\pages\IndexPage\index.js
FN:4,(anonymous_0)
FN:8,handleClick
FNF:2
FNH:2
FNDA:2,(anonymous_0)
FNDA:1,handleClick
DA:4,1
DA:6,2
DA:9,1
DA:12,2
LF:4
LH:4
BRF:0
BRH:0
end_of_record
TN:
SF:src\pages\NotFoundPage\index.js
FN:4,(anonymous_0)
FN:8,handleClick
FNF:2
FNH:2
FNDA:2,(anonymous_0)
FNDA:1,handleClick
DA:4,1
DA:6,2
DA:9,1
DA:12,2
LF:4
LH:4
BRF:0
BRH:0
end_of_record
