TN:
SF:src\pages\AboutPage\index.js
FN:3,(anonymous_0)
FNF:1
FNH:1
FNDA:6,(anonymous_0)
DA:3,1
DA:5,6
LF:2
LH:2
BRF:0
BRH:0
end_of_record
TN:
SF:src\pages\HighScorePage\index.js
FN:4,(anonymous_0)
FN:8,(anonymous_1)
FN:9,getQuestions
FN:18,(anonymous_3)
FN:30,renderScores
FN:31,(anonymous_5)
FNF:6
FNH:5
FNDA:7,(anonymous_0)
FNDA:3,(anonymous_1)
FNDA:3,getQuestions
FNDA:0,(anonymous_3)
FNDA:6,renderScores
FNDA:3,(anonymous_5)
DA:4,1
DA:6,7
DA:8,6
DA:11,3
DA:12,3
DA:13,3
DA:14,3
DA:15,3
DA:17,3
DA:18,3
DA:19,3
DA:20,3
DA:26,3
DA:31,6
DA:34,6
LF:15
LH:15
BRF:0
BRH:0
end_of_record
TN:
SF:src\pages\IndexPage\index.js
FN:4,(anonymous_0)
FN:8,handleClick
FNF:2
FNH:2
FNDA:2,(anonymous_0)
FNDA:1,handleClick
DA:4,1
DA:6,2
DA:9,1
DA:12,2
LF:4
LH:4
BRF:0
BRH:0
end_of_record
TN:
SF:src\pages\NotFoundPage\index.js
FN:4,(anonymous_0)
FN:8,handleClick
FNF:2
FNH:2
FNDA:2,(anonymous_0)
FNDA:1,handleClick
DA:4,1
DA:6,2
DA:9,1
DA:12,2
LF:4
LH:4
BRF:0
BRH:0
end_of_record
